---- qbsp / ericw-tools v0.18.1 ----
Input file: /Users/darkhead/CLionProjects/brakeza3D/assets/original_quake_maps/ese.map
Output file: /Users/darkhead/CLionProjects/brakeza3D/assets/original_quake_maps/ese.bsp

---- LoadMapFile ----
         7523 faces
         1257 brushes
          369 entities
           70 unique texnames
          489 texinfo

*** WARNING 01: No valid WAD filenames in worldmodel
Processing hull 0...
---- Brush_LoadEntity ----
         1148 brushes
          820 planes
---- CSGFaces ----
         6880 brushfaces
         7385 csgfaces
         6016 mergedfaces
---- SolidBSP ----
         8787 split nodes
         3645 solid leafs
         4808 empty leafs
          335 water leafs
            0 detail leafs
            0 detail illusionary leafs
            0 detail fence leafs
            0 illusionary visblocker leafs
        15002 leaffaces
        13783 nodefaces
---- Portalize ----
         5143 vis leafs
         5143 vis clusters
        15143 vis portals
---- FillOutside ----
         2763 outleafs
---- MergeAll ----
         4329 mergefaces
---- SolidBSP ----
         2418 split nodes
         1249 solid leafs
          981 empty leafs
          189 water leafs
            0 detail leafs
            0 detail illusionary leafs
            0 detail fence leafs
            0 illusionary visblocker leafs
         6732 leaffaces
         5153 nodefaces
---- Portalize ----
         1170 vis leafs
         1170 vis clusters
         3253 vis portals
---- Tjunc ----
         4991 world edges
        17867 edge points
         4777 edges added by tjunctions
            0 faces added by tjunctions
---- MakeFaceEdges ----
---- GrowRegions ----
Processing hull 1...
Processing hull 2...
*** WARNING 16: Texture SLIPBOTSD not found
*** WARNING 16: Texture +0SLIPBOT not found
*** WARNING 16: Texture SLIPSIDE not found
*** WARNING 16: Texture SLIPLITE not found
*** WARNING 16: Texture SFLOOR4_2 not found
*** WARNING 16: Texture TECH08_1 not found
*** WARNING 16: Texture TECH04_3 not found
*** WARNING 16: Texture TECH04_1 not found
*** WARNING 16: Texture TECH01_7 not found
*** WARNING 16: Texture TLIGHT02 not found
*** WARNING 16: Texture TECH09_3 not found
*** WARNING 16: Texture COMP1_3 not found
*** WARNING 16: Texture COMP1_1 not found
*** WARNING 16: Texture COMP1_4 not found
*** WARNING 16: Texture COMP1_2 not found
*** WARNING 16: Texture COMP1_6 not found
*** WARNING 16: Texture TLIGHT10 not found
*** WARNING 16: Texture TECH01_1 not found
*** WARNING 16: Texture TECH10_3 not found
*** WARNING 16: Texture TLIGHT08 not found
*** WARNING 16: Texture TLIGHT07 not found
*** WARNING 16: Texture TECH01_6 not found
*** WARNING 16: Texture TECH07_2 not found
*** WARNING 16: Texture TLIGHT11 not found
*** WARNING 16: Texture GROUND1_6 not found
*** WARNING 16: Texture UWALL1_2 not found
*** WARNING 16: Texture SKY4 not found
*** WARNING 16: Texture TECH04_2 not found
*** WARNING 16: Texture GROUND1_2 not found
*** WARNING 16: Texture *WATER0 not found
*** WARNING 16: Texture ECOP1_6 not found
*** WARNING 16: Texture TWALL5_3 not found
*** WARNING 16: Texture TWALL1_1 not found
*** WARNING 16: Texture TWALL2_2 not found
*** WARNING 16: Texture TWALL2_5 not found
*** WARNING 16: Texture TWALL1_2 not found
*** WARNING 16: Texture TWALL2_6 not found
*** WARNING 16: Texture COMP1_5 not found
*** WARNING 16: Texture TWALL5_1 not found
*** WARNING 16: Texture TWALL2_1 not found
*** WARNING 16: Texture TECH11_2 not found
*** WARNING 16: Texture SFLOOR4_5 not found
*** WARNING 16: Texture TECH01_9 not found
*** WARNING 16: Texture TECH10_1 not found
*** WARNING 16: Texture TWALL3_1 not found
*** WARNING 16: Texture *SLIME0 not found
*** WARNING 16: Texture CLIP not found
*** WARNING 16: Texture TWALL2_3 not found
*** WARNING 16: Texture ECOP1_4 not found
*** WARNING 16: Texture TLIGHT01 not found
*** WARNING 16: Texture *TELEPORT not found
*** WARNING 16: Texture ECOP1_1 not found
*** WARNING 16: Texture BASEBUTN3 not found
*** WARNING 16: Texture SWITCH_1 not found
*** WARNING 16: Texture Z_EXIT not found
*** WARNING 16: Texture +0PLANET not found
*** WARNING 16: Texture +0SLIP not found
*** WARNING 16: Texture SLIP1 not found
*** WARNING 16: Texture SLIPTOPSD not found
*** WARNING 16: Texture +0SLIPTOP not found
*** WARNING 16: Texture CRATE0_SIDE not found
*** WARNING 16: Texture CRATE0_TOP not found
*** WARNING 16: Texture DOOR02_1 not found
*** WARNING 16: Texture EDOOR01_1 not found
*** WARNING 16: Texture PLAT_STEM not found
*** WARNING 16: Texture PLAT_SIDE1 not found
*** WARNING 16: Texture PLAT_TOP1 not found
*** WARNING 16: Texture +0BASEBTN not found
*** WARNING 16: Texture TRIGGER not found
*** WARNING 16: Texture KEY01_3 not found
---- WriteBSPFile ----
Wrote /Users/darkhead/CLionProjects/brakeza3D/assets/original_quake_maps/ese.bsp
         1437 planes            28740
         7283 vertexes          87396
         2818 nodes             67632
          308 texinfo           12320
         5610 faces            112200
         5683 clipnodes         45464
         1558 leafs             43624
         7189 marksurfaces      14378
        27002 surfedges        108008
        13647 edges             54588
           70 textures            284
              lightdata             0
              visdata               0
              entdata           26087

1.542 seconds elapsed
Peak memory usage: 50417190 (48.1M)
