The system is: Darwin - 17.4.0 - x86_64
Compiling the C compiler identification source file "CMakeCCompilerId.c" succeeded.
Compiler: /Library/Developer/CommandLineTools/usr/bin/cc 
Build flags: 
Id flags:  

The output was:
0


Compilation of the C compiler identification source "CMakeCCompilerId.c" produced "a.out"

The C compiler identification is AppleClang, found in "/Users/darkhead/CLionProjects/recastnavigation/DetourCrowd/CMakeFiles/3.14.2/CompilerIdC/a.out"

Compiling the CXX compiler identification source file "CMakeCXXCompilerId.cpp" succeeded.
Compiler: /Library/Developer/CommandLineTools/usr/bin/c++ 
Build flags: 
Id flags:  

The output was:
0


Compilation of the CXX compiler identification source "CMakeCXXCompilerId.cpp" produced "a.out"

The CXX compiler identification is AppleClang, found in "/Users/darkhead/CLionProjects/recastnavigation/DetourCrowd/CMakeFiles/3.14.2/CompilerIdCXX/a.out"

Determining if the C compiler works passed with the following output:
Change Dir: /Users/darkhead/CLionProjects/recastnavigation/DetourCrowd/CMakeFiles/CMakeTmp

Run Build Command(s):/usr/bin/make cmTC_710c5/fast 
/Library/Developer/CommandLineTools/usr/bin/make -f CMakeFiles/cmTC_710c5.dir/build.make CMakeFiles/cmTC_710c5.dir/build
Building C object CMakeFiles/cmTC_710c5.dir/testCCompiler.c.o
/Library/Developer/CommandLineTools/usr/bin/cc    -o CMakeFiles/cmTC_710c5.dir/testCCompiler.c.o   -c /Users/darkhead/CLionProjects/recastnavigation/DetourCrowd/CMakeFiles/CMakeTmp/testCCompiler.c
Linking C executable cmTC_710c5
/Applications/CMake.app/Contents/bin/cmake -E cmake_link_script CMakeFiles/cmTC_710c5.dir/link.txt --verbose=1
/Library/Developer/CommandLineTools/usr/bin/cc   -Wl,-search_paths_first -Wl,-headerpad_max_install_names   CMakeFiles/cmTC_710c5.dir/testCCompiler.c.o  -o cmTC_710c5 


Detecting C compiler ABI info compiled with the following output:
Change Dir: /Users/darkhead/CLionProjects/recastnavigation/DetourCrowd/CMakeFiles/CMakeTmp

Run Build Command(s):/usr/bin/make cmTC_9aecb/fast 
/Library/Developer/CommandLineTools/usr/bin/make -f CMakeFiles/cmTC_9aecb.dir/build.make CMakeFiles/cmTC_9aecb.dir/build
Building C object CMakeFiles/cmTC_9aecb.dir/CMakeCCompilerABI.c.o
/Library/Developer/CommandLineTools/usr/bin/cc   -v -Wl,-v -o CMakeFiles/cmTC_9aecb.dir/CMakeCCompilerABI.c.o   -c /Applications/CMake.app/Contents/share/cmake-3.14/Modules/CMakeCCompilerABI.c
Apple LLVM version 10.0.0 (clang-1000.10.44.4)
Target: x86_64-apple-darwin17.4.0
Thread model: posix
InstalledDir: /Library/Developer/CommandLineTools/usr/bin
clang: warning: -Wl,-v: 'linker' input unused [-Wunused-command-line-argument]
 "/Library/Developer/CommandLineTools/usr/bin/clang" -cc1 -triple x86_64-apple-macosx10.13.0 -Wdeprecated-objc-isa-usage -Werror=deprecated-objc-isa-usage -emit-obj -mrelax-all -disable-free -disable-llvm-verifier -discard-value-names -main-file-name CMakeCCompilerABI.c -mrelocation-model pic -pic-level 2 -mthread-model posix -mdisable-fp-elim -fno-strict-return -masm-verbose -munwind-tables -target-cpu penryn -dwarf-column-info -debugger-tuning=lldb -target-linker-version 409.12 -v -coverage-notes-file /Users/darkhead/CLionProjects/recastnavigation/DetourCrowd/CMakeFiles/CMakeTmp/CMakeFiles/cmTC_9aecb.dir/CMakeCCompilerABI.c.gcno -resource-dir /Library/Developer/CommandLineTools/usr/lib/clang/10.0.0 -fdebug-compilation-dir /Users/darkhead/CLionProjects/recastnavigation/DetourCrowd/CMakeFiles/CMakeTmp -ferror-limit 19 -fmessage-length 0 -stack-protector 1 -fblocks -fencode-extended-block-signature -fobjc-runtime=macosx-10.13.0 -fmax-type-align=16 -fdiagnostics-show-option -o CMakeFiles/cmTC_9aecb.dir/CMakeCCompilerABI.c.o -x c /Applications/CMake.app/Contents/share/cmake-3.14/Modules/CMakeCCompilerABI.c
clang -cc1 version 10.0.0 (clang-1000.10.44.4) default target x86_64-apple-darwin17.4.0
#include "..." search starts here:
#include <...> search starts here:
 /usr/local/include
 /Library/Developer/CommandLineTools/usr/lib/clang/10.0.0/include
 /Library/Developer/CommandLineTools/usr/include
 /usr/include
 /System/Library/Frameworks (framework directory)
 /Library/Frameworks (framework directory)
End of search list.
Linking C executable cmTC_9aecb
/Applications/CMake.app/Contents/bin/cmake -E cmake_link_script CMakeFiles/cmTC_9aecb.dir/link.txt --verbose=1
/Library/Developer/CommandLineTools/usr/bin/cc   -Wl,-search_paths_first -Wl,-headerpad_max_install_names  -v -Wl,-v CMakeFiles/cmTC_9aecb.dir/CMakeCCompilerABI.c.o  -o cmTC_9aecb 
Apple LLVM version 10.0.0 (clang-1000.10.44.4)
Target: x86_64-apple-darwin17.4.0
Thread model: posix
InstalledDir: /Library/Developer/CommandLineTools/usr/bin
 "/Library/Developer/CommandLineTools/usr/bin/ld" -demangle -lto_library /Library/Developer/CommandLineTools/usr/lib/libLTO.dylib -dynamic -arch x86_64 -macosx_version_min 10.13.0 -o cmTC_9aecb -search_paths_first -headerpad_max_install_names -v CMakeFiles/cmTC_9aecb.dir/CMakeCCompilerABI.c.o -lSystem /Library/Developer/CommandLineTools/usr/lib/clang/10.0.0/lib/darwin/libclang_rt.osx.a
@(#)PROGRAM:ld  PROJECT:ld64-409.12
BUILD 17:47:51 Sep 25 2018
configured to support archs: armv6 armv7 armv7s arm64 i386 x86_64 x86_64h armv6m armv7k armv7m armv7em
Library search paths:
	/usr/lib
	/usr/local/lib
Framework search paths:
	/Library/Frameworks/
	/System/Library/Frameworks/


Parsed C implicit include dir info from above output: rv=done
  found start of include info
  found start of implicit include info
    add: [/usr/local/include]
    add: [/Library/Developer/CommandLineTools/usr/lib/clang/10.0.0/include]
    add: [/Library/Developer/CommandLineTools/usr/include]
    add: [/usr/include]
  end of search list found
  collapse include dir [/usr/local/include] ==> [/usr/local/include]
  collapse include dir [/Library/Developer/CommandLineTools/usr/lib/clang/10.0.0/include] ==> [/Library/Developer/CommandLineTools/usr/lib/clang/10.0.0/include]
  collapse include dir [/Library/Developer/CommandLineTools/usr/include] ==> [/Library/Developer/CommandLineTools/usr/include]
  collapse include dir [/usr/include] ==> [/usr/include]
  implicit include dirs: [/usr/local/include;/Library/Developer/CommandLineTools/usr/lib/clang/10.0.0/include;/Library/Developer/CommandLineTools/usr/include;/usr/include]


Parsed C implicit link information from above output:
  link line regex: [^( *|.*[/\])(ld|CMAKE_LINK_STARTFILE-NOTFOUND|([^/\]+-)?ld|collect2)[^/\]*( |$)]
  ignore line: [Change Dir: /Users/darkhead/CLionProjects/recastnavigation/DetourCrowd/CMakeFiles/CMakeTmp]
  ignore line: []
  ignore line: [Run Build Command(s):/usr/bin/make cmTC_9aecb/fast ]
  ignore line: [/Library/Developer/CommandLineTools/usr/bin/make -f CMakeFiles/cmTC_9aecb.dir/build.make CMakeFiles/cmTC_9aecb.dir/build]
  ignore line: [Building C object CMakeFiles/cmTC_9aecb.dir/CMakeCCompilerABI.c.o]
  ignore line: [/Library/Developer/CommandLineTools/usr/bin/cc   -v -Wl,-v -o CMakeFiles/cmTC_9aecb.dir/CMakeCCompilerABI.c.o   -c /Applications/CMake.app/Contents/share/cmake-3.14/Modules/CMakeCCompilerABI.c]
  ignore line: [Apple LLVM version 10.0.0 (clang-1000.10.44.4)]
  ignore line: [Target: x86_64-apple-darwin17.4.0]
  ignore line: [Thread model: posix]
  ignore line: [InstalledDir: /Library/Developer/CommandLineTools/usr/bin]
  ignore line: [clang: warning: -Wl,-v: 'linker' input unused [-Wunused-command-line-argument]]
  ignore line: [ "/Library/Developer/CommandLineTools/usr/bin/clang" -cc1 -triple x86_64-apple-macosx10.13.0 -Wdeprecated-objc-isa-usage -Werror=deprecated-objc-isa-usage -emit-obj -mrelax-all -disable-free -disable-llvm-verifier -discard-value-names -main-file-name CMakeCCompilerABI.c -mrelocation-model pic -pic-level 2 -mthread-model posix -mdisable-fp-elim -fno-strict-return -masm-verbose -munwind-tables -target-cpu penryn -dwarf-column-info -debugger-tuning=lldb -target-linker-version 409.12 -v -coverage-notes-file /Users/darkhead/CLionProjects/recastnavigation/DetourCrowd/CMakeFiles/CMakeTmp/CMakeFiles/cmTC_9aecb.dir/CMakeCCompilerABI.c.gcno -resource-dir /Library/Developer/CommandLineTools/usr/lib/clang/10.0.0 -fdebug-compilation-dir /Users/darkhead/CLionProjects/recastnavigation/DetourCrowd/CMakeFiles/CMakeTmp -ferror-limit 19 -fmessage-length 0 -stack-protector 1 -fblocks -fencode-extended-block-signature -fobjc-runtime=macosx-10.13.0 -fmax-type-align=16 -fdiagnostics-show-option -o CMakeFiles/cmTC_9aecb.dir/CMakeCCompilerABI.c.o -x c /Applications/CMake.app/Contents/share/cmake-3.14/Modules/CMakeCCompilerABI.c]
  ignore line: [clang -cc1 version 10.0.0 (clang-1000.10.44.4) default target x86_64-apple-darwin17.4.0]
  ignore line: [#include "..." search starts here:]
  ignore line: [#include <...> search starts here:]
  ignore line: [ /usr/local/include]
  ignore line: [ /Library/Developer/CommandLineTools/usr/lib/clang/10.0.0/include]
  ignore line: [ /Library/Developer/CommandLineTools/usr/include]
  ignore line: [ /usr/include]
  ignore line: [ /System/Library/Frameworks (framework directory)]
  ignore line: [ /Library/Frameworks (framework directory)]
  ignore line: [End of search list.]
  ignore line: [Linking C executable cmTC_9aecb]
  ignore line: [/Applications/CMake.app/Contents/bin/cmake -E cmake_link_script CMakeFiles/cmTC_9aecb.dir/link.txt --verbose=1]
  ignore line: [/Library/Developer/CommandLineTools/usr/bin/cc   -Wl,-search_paths_first -Wl,-headerpad_max_install_names  -v -Wl,-v CMakeFiles/cmTC_9aecb.dir/CMakeCCompilerABI.c.o  -o cmTC_9aecb ]
  ignore line: [Apple LLVM version 10.0.0 (clang-1000.10.44.4)]
  ignore line: [Target: x86_64-apple-darwin17.4.0]
  ignore line: [Thread model: posix]
  ignore line: [InstalledDir: /Library/Developer/CommandLineTools/usr/bin]
  link line: [ "/Library/Developer/CommandLineTools/usr/bin/ld" -demangle -lto_library /Library/Developer/CommandLineTools/usr/lib/libLTO.dylib -dynamic -arch x86_64 -macosx_version_min 10.13.0 -o cmTC_9aecb -search_paths_first -headerpad_max_install_names -v CMakeFiles/cmTC_9aecb.dir/CMakeCCompilerABI.c.o -lSystem /Library/Developer/CommandLineTools/usr/lib/clang/10.0.0/lib/darwin/libclang_rt.osx.a]
    arg [/Library/Developer/CommandLineTools/usr/bin/ld] ==> ignore
    arg [-demangle] ==> ignore
    arg [-lto_library] ==> ignore, skip following value
    arg [/Library/Developer/CommandLineTools/usr/lib/libLTO.dylib] ==> skip value of -lto_library
    arg [-dynamic] ==> ignore
    arg [-arch] ==> ignore
    arg [x86_64] ==> ignore
    arg [-macosx_version_min] ==> ignore
    arg [10.13.0] ==> ignore
    arg [-o] ==> ignore
    arg [cmTC_9aecb] ==> ignore
    arg [-search_paths_first] ==> ignore
    arg [-headerpad_max_install_names] ==> ignore
    arg [-v] ==> ignore
    arg [CMakeFiles/cmTC_9aecb.dir/CMakeCCompilerABI.c.o] ==> ignore
    arg [-lSystem] ==> lib [System]
    arg [/Library/Developer/CommandLineTools/usr/lib/clang/10.0.0/lib/darwin/libclang_rt.osx.a] ==> lib [/Library/Developer/CommandLineTools/usr/lib/clang/10.0.0/lib/darwin/libclang_rt.osx.a]
  Library search paths: [;/usr/lib;/usr/local/lib]
  Framework search paths: [;/Library/Frameworks/;/System/Library/Frameworks/]
  remove lib [System]
  remove lib [/Library/Developer/CommandLineTools/usr/lib/clang/10.0.0/lib/darwin/libclang_rt.osx.a]
  collapse library dir [/usr/lib] ==> [/usr/lib]
  collapse library dir [/usr/local/lib] ==> [/usr/local/lib]
  collapse framework dir [/Library/Frameworks/] ==> [/Library/Frameworks]
  collapse framework dir [/System/Library/Frameworks/] ==> [/System/Library/Frameworks]
  implicit libs: []
  implicit dirs: [/usr/lib;/usr/local/lib]
  implicit fwks: [/Library/Frameworks;/System/Library/Frameworks]




Detecting C [-std=c11] compiler features compiled with the following output:
Change Dir: /Users/darkhead/CLionProjects/recastnavigation/DetourCrowd/CMakeFiles/CMakeTmp

Run Build Command(s):/usr/bin/make cmTC_8a342/fast 
/Library/Developer/CommandLineTools/usr/bin/make -f CMakeFiles/cmTC_8a342.dir/build.make CMakeFiles/cmTC_8a342.dir/build
Building C object CMakeFiles/cmTC_8a342.dir/feature_tests.c.o
/Library/Developer/CommandLineTools/usr/bin/cc   -std=c11 -o CMakeFiles/cmTC_8a342.dir/feature_tests.c.o   -c /Users/darkhead/CLionProjects/recastnavigation/DetourCrowd/CMakeFiles/feature_tests.c
Linking C executable cmTC_8a342
/Applications/CMake.app/Contents/bin/cmake -E cmake_link_script CMakeFiles/cmTC_8a342.dir/link.txt --verbose=1
/Library/Developer/CommandLineTools/usr/bin/cc   -Wl,-search_paths_first -Wl,-headerpad_max_install_names   CMakeFiles/cmTC_8a342.dir/feature_tests.c.o  -o cmTC_8a342 


    Feature record: C_FEATURE:1c_function_prototypes
    Feature record: C_FEATURE:1c_restrict
    Feature record: C_FEATURE:1c_static_assert
    Feature record: C_FEATURE:1c_variadic_macros


Detecting C [-std=c99] compiler features compiled with the following output:
Change Dir: /Users/darkhead/CLionProjects/recastnavigation/DetourCrowd/CMakeFiles/CMakeTmp

Run Build Command(s):/usr/bin/make cmTC_dfaed/fast 
/Library/Developer/CommandLineTools/usr/bin/make -f CMakeFiles/cmTC_dfaed.dir/build.make CMakeFiles/cmTC_dfaed.dir/build
Building C object CMakeFiles/cmTC_dfaed.dir/feature_tests.c.o
/Library/Developer/CommandLineTools/usr/bin/cc   -std=c99 -o CMakeFiles/cmTC_dfaed.dir/feature_tests.c.o   -c /Users/darkhead/CLionProjects/recastnavigation/DetourCrowd/CMakeFiles/feature_tests.c
Linking C executable cmTC_dfaed
/Applications/CMake.app/Contents/bin/cmake -E cmake_link_script CMakeFiles/cmTC_dfaed.dir/link.txt --verbose=1
/Library/Developer/CommandLineTools/usr/bin/cc   -Wl,-search_paths_first -Wl,-headerpad_max_install_names   CMakeFiles/cmTC_dfaed.dir/feature_tests.c.o  -o cmTC_dfaed 


    Feature record: C_FEATURE:1c_function_prototypes
    Feature record: C_FEATURE:1c_restrict
    Feature record: C_FEATURE:0c_static_assert
    Feature record: C_FEATURE:1c_variadic_macros


Detecting C [-std=c90] compiler features compiled with the following output:
Change Dir: /Users/darkhead/CLionProjects/recastnavigation/DetourCrowd/CMakeFiles/CMakeTmp

Run Build Command(s):/usr/bin/make cmTC_b2b88/fast 
/Library/Developer/CommandLineTools/usr/bin/make -f CMakeFiles/cmTC_b2b88.dir/build.make CMakeFiles/cmTC_b2b88.dir/build
Building C object CMakeFiles/cmTC_b2b88.dir/feature_tests.c.o
/Library/Developer/CommandLineTools/usr/bin/cc   -std=c90 -o CMakeFiles/cmTC_b2b88.dir/feature_tests.c.o   -c /Users/darkhead/CLionProjects/recastnavigation/DetourCrowd/CMakeFiles/feature_tests.c
Linking C executable cmTC_b2b88
/Applications/CMake.app/Contents/bin/cmake -E cmake_link_script CMakeFiles/cmTC_b2b88.dir/link.txt --verbose=1
/Library/Developer/CommandLineTools/usr/bin/cc   -Wl,-search_paths_first -Wl,-headerpad_max_install_names   CMakeFiles/cmTC_b2b88.dir/feature_tests.c.o  -o cmTC_b2b88 


    Feature record: C_FEATURE:1c_function_prototypes
    Feature record: C_FEATURE:0c_restrict
    Feature record: C_FEATURE:0c_static_assert
    Feature record: C_FEATURE:0c_variadic_macros
Determining if the CXX compiler works passed with the following output:
Change Dir: /Users/darkhead/CLionProjects/recastnavigation/DetourCrowd/CMakeFiles/CMakeTmp

Run Build Command(s):/usr/bin/make cmTC_efe44/fast 
/Library/Developer/CommandLineTools/usr/bin/make -f CMakeFiles/cmTC_efe44.dir/build.make CMakeFiles/cmTC_efe44.dir/build
Building CXX object CMakeFiles/cmTC_efe44.dir/testCXXCompiler.cxx.o
/Library/Developer/CommandLineTools/usr/bin/c++     -o CMakeFiles/cmTC_efe44.dir/testCXXCompiler.cxx.o -c /Users/darkhead/CLionProjects/recastnavigation/DetourCrowd/CMakeFiles/CMakeTmp/testCXXCompiler.cxx
Linking CXX executable cmTC_efe44
/Applications/CMake.app/Contents/bin/cmake -E cmake_link_script CMakeFiles/cmTC_efe44.dir/link.txt --verbose=1
/Library/Developer/CommandLineTools/usr/bin/c++    -Wl,-search_paths_first -Wl,-headerpad_max_install_names   CMakeFiles/cmTC_efe44.dir/testCXXCompiler.cxx.o  -o cmTC_efe44 


Detecting CXX compiler ABI info compiled with the following output:
Change Dir: /Users/darkhead/CLionProjects/recastnavigation/DetourCrowd/CMakeFiles/CMakeTmp

Run Build Command(s):/usr/bin/make cmTC_993bf/fast 
/Library/Developer/CommandLineTools/usr/bin/make -f CMakeFiles/cmTC_993bf.dir/build.make CMakeFiles/cmTC_993bf.dir/build
Building CXX object CMakeFiles/cmTC_993bf.dir/CMakeCXXCompilerABI.cpp.o
/Library/Developer/CommandLineTools/usr/bin/c++    -v -Wl,-v -o CMakeFiles/cmTC_993bf.dir/CMakeCXXCompilerABI.cpp.o -c /Applications/CMake.app/Contents/share/cmake-3.14/Modules/CMakeCXXCompilerABI.cpp
Apple LLVM version 10.0.0 (clang-1000.10.44.4)
Target: x86_64-apple-darwin17.4.0
Thread model: posix
InstalledDir: /Library/Developer/CommandLineTools/usr/bin
clang: warning: -Wl,-v: 'linker' input unused [-Wunused-command-line-argument]
 "/Library/Developer/CommandLineTools/usr/bin/clang" -cc1 -triple x86_64-apple-macosx10.13.0 -Wdeprecated-objc-isa-usage -Werror=deprecated-objc-isa-usage -emit-obj -mrelax-all -disable-free -disable-llvm-verifier -discard-value-names -main-file-name CMakeCXXCompilerABI.cpp -mrelocation-model pic -pic-level 2 -mthread-model posix -mdisable-fp-elim -fno-strict-return -masm-verbose -munwind-tables -target-cpu penryn -dwarf-column-info -debugger-tuning=lldb -target-linker-version 409.12 -v -coverage-notes-file /Users/darkhead/CLionProjects/recastnavigation/DetourCrowd/CMakeFiles/CMakeTmp/CMakeFiles/cmTC_993bf.dir/CMakeCXXCompilerABI.cpp.gcno -resource-dir /Library/Developer/CommandLineTools/usr/lib/clang/10.0.0 -stdlib=libc++ -fdeprecated-macro -fdebug-compilation-dir /Users/darkhead/CLionProjects/recastnavigation/DetourCrowd/CMakeFiles/CMakeTmp -ferror-limit 19 -fmessage-length 0 -stack-protector 1 -fblocks -fencode-extended-block-signature -fobjc-runtime=macosx-10.13.0 -fcxx-exceptions -fexceptions -fmax-type-align=16 -fdiagnostics-show-option -o CMakeFiles/cmTC_993bf.dir/CMakeCXXCompilerABI.cpp.o -x c++ /Applications/CMake.app/Contents/share/cmake-3.14/Modules/CMakeCXXCompilerABI.cpp
clang -cc1 version 10.0.0 (clang-1000.10.44.4) default target x86_64-apple-darwin17.4.0
ignoring nonexistent directory "/usr/include/c++/v1"
#include "..." search starts here:
#include <...> search starts here:
 /Library/Developer/CommandLineTools/usr/include/c++/v1
 /usr/local/include
 /Library/Developer/CommandLineTools/usr/lib/clang/10.0.0/include
 /Library/Developer/CommandLineTools/usr/include
 /usr/include
 /System/Library/Frameworks (framework directory)
 /Library/Frameworks (framework directory)
End of search list.
Linking CXX executable cmTC_993bf
/Applications/CMake.app/Contents/bin/cmake -E cmake_link_script CMakeFiles/cmTC_993bf.dir/link.txt --verbose=1
/Library/Developer/CommandLineTools/usr/bin/c++    -Wl,-search_paths_first -Wl,-headerpad_max_install_names  -v -Wl,-v CMakeFiles/cmTC_993bf.dir/CMakeCXXCompilerABI.cpp.o  -o cmTC_993bf 
Apple LLVM version 10.0.0 (clang-1000.10.44.4)
Target: x86_64-apple-darwin17.4.0
Thread model: posix
InstalledDir: /Library/Developer/CommandLineTools/usr/bin
 "/Library/Developer/CommandLineTools/usr/bin/ld" -demangle -lto_library /Library/Developer/CommandLineTools/usr/lib/libLTO.dylib -dynamic -arch x86_64 -macosx_version_min 10.13.0 -o cmTC_993bf -search_paths_first -headerpad_max_install_names -v CMakeFiles/cmTC_993bf.dir/CMakeCXXCompilerABI.cpp.o -lc++ -lSystem /Library/Developer/CommandLineTools/usr/lib/clang/10.0.0/lib/darwin/libclang_rt.osx.a
@(#)PROGRAM:ld  PROJECT:ld64-409.12
BUILD 17:47:51 Sep 25 2018
configured to support archs: armv6 armv7 armv7s arm64 i386 x86_64 x86_64h armv6m armv7k armv7m armv7em
Library search paths:
	/usr/lib
	/usr/local/lib
Framework search paths:
	/Library/Frameworks/
	/System/Library/Frameworks/


Parsed CXX implicit include dir info from above output: rv=done
  found start of include info
  found start of implicit include info
    add: [/Library/Developer/CommandLineTools/usr/include/c++/v1]
    add: [/usr/local/include]
    add: [/Library/Developer/CommandLineTools/usr/lib/clang/10.0.0/include]
    add: [/Library/Developer/CommandLineTools/usr/include]
    add: [/usr/include]
  end of search list found
  collapse include dir [/Library/Developer/CommandLineTools/usr/include/c++/v1] ==> [/Library/Developer/CommandLineTools/usr/include/c++/v1]
  collapse include dir [/usr/local/include] ==> [/usr/local/include]
  collapse include dir [/Library/Developer/CommandLineTools/usr/lib/clang/10.0.0/include] ==> [/Library/Developer/CommandLineTools/usr/lib/clang/10.0.0/include]
  collapse include dir [/Library/Developer/CommandLineTools/usr/include] ==> [/Library/Developer/CommandLineTools/usr/include]
  collapse include dir [/usr/include] ==> [/usr/include]
  implicit include dirs: [/Library/Developer/CommandLineTools/usr/include/c++/v1;/usr/local/include;/Library/Developer/CommandLineTools/usr/lib/clang/10.0.0/include;/Library/Developer/CommandLineTools/usr/include;/usr/include]


Parsed CXX implicit link information from above output:
  link line regex: [^( *|.*[/\])(ld|CMAKE_LINK_STARTFILE-NOTFOUND|([^/\]+-)?ld|collect2)[^/\]*( |$)]
  ignore line: [Change Dir: /Users/darkhead/CLionProjects/recastnavigation/DetourCrowd/CMakeFiles/CMakeTmp]
  ignore line: []
  ignore line: [Run Build Command(s):/usr/bin/make cmTC_993bf/fast ]
  ignore line: [/Library/Developer/CommandLineTools/usr/bin/make -f CMakeFiles/cmTC_993bf.dir/build.make CMakeFiles/cmTC_993bf.dir/build]
  ignore line: [Building CXX object CMakeFiles/cmTC_993bf.dir/CMakeCXXCompilerABI.cpp.o]
  ignore line: [/Library/Developer/CommandLineTools/usr/bin/c++    -v -Wl,-v -o CMakeFiles/cmTC_993bf.dir/CMakeCXXCompilerABI.cpp.o -c /Applications/CMake.app/Contents/share/cmake-3.14/Modules/CMakeCXXCompilerABI.cpp]
  ignore line: [Apple LLVM version 10.0.0 (clang-1000.10.44.4)]
  ignore line: [Target: x86_64-apple-darwin17.4.0]
  ignore line: [Thread model: posix]
  ignore line: [InstalledDir: /Library/Developer/CommandLineTools/usr/bin]
  ignore line: [clang: warning: -Wl,-v: 'linker' input unused [-Wunused-command-line-argument]]
  ignore line: [ "/Library/Developer/CommandLineTools/usr/bin/clang" -cc1 -triple x86_64-apple-macosx10.13.0 -Wdeprecated-objc-isa-usage -Werror=deprecated-objc-isa-usage -emit-obj -mrelax-all -disable-free -disable-llvm-verifier -discard-value-names -main-file-name CMakeCXXCompilerABI.cpp -mrelocation-model pic -pic-level 2 -mthread-model posix -mdisable-fp-elim -fno-strict-return -masm-verbose -munwind-tables -target-cpu penryn -dwarf-column-info -debugger-tuning=lldb -target-linker-version 409.12 -v -coverage-notes-file /Users/darkhead/CLionProjects/recastnavigation/DetourCrowd/CMakeFiles/CMakeTmp/CMakeFiles/cmTC_993bf.dir/CMakeCXXCompilerABI.cpp.gcno -resource-dir /Library/Developer/CommandLineTools/usr/lib/clang/10.0.0 -stdlib=libc++ -fdeprecated-macro -fdebug-compilation-dir /Users/darkhead/CLionProjects/recastnavigation/DetourCrowd/CMakeFiles/CMakeTmp -ferror-limit 19 -fmessage-length 0 -stack-protector 1 -fblocks -fencode-extended-block-signature -fobjc-runtime=macosx-10.13.0 -fcxx-exceptions -fexceptions -fmax-type-align=16 -fdiagnostics-show-option -o CMakeFiles/cmTC_993bf.dir/CMakeCXXCompilerABI.cpp.o -x c++ /Applications/CMake.app/Contents/share/cmake-3.14/Modules/CMakeCXXCompilerABI.cpp]
  ignore line: [clang -cc1 version 10.0.0 (clang-1000.10.44.4) default target x86_64-apple-darwin17.4.0]
  ignore line: [ignoring nonexistent directory "/usr/include/c++/v1"]
  ignore line: [#include "..." search starts here:]
  ignore line: [#include <...> search starts here:]
  ignore line: [ /Library/Developer/CommandLineTools/usr/include/c++/v1]
  ignore line: [ /usr/local/include]
  ignore line: [ /Library/Developer/CommandLineTools/usr/lib/clang/10.0.0/include]
  ignore line: [ /Library/Developer/CommandLineTools/usr/include]
  ignore line: [ /usr/include]
  ignore line: [ /System/Library/Frameworks (framework directory)]
  ignore line: [ /Library/Frameworks (framework directory)]
  ignore line: [End of search list.]
  ignore line: [Linking CXX executable cmTC_993bf]
  ignore line: [/Applications/CMake.app/Contents/bin/cmake -E cmake_link_script CMakeFiles/cmTC_993bf.dir/link.txt --verbose=1]
  ignore line: [/Library/Developer/CommandLineTools/usr/bin/c++    -Wl,-search_paths_first -Wl,-headerpad_max_install_names  -v -Wl,-v CMakeFiles/cmTC_993bf.dir/CMakeCXXCompilerABI.cpp.o  -o cmTC_993bf ]
  ignore line: [Apple LLVM version 10.0.0 (clang-1000.10.44.4)]
  ignore line: [Target: x86_64-apple-darwin17.4.0]
  ignore line: [Thread model: posix]
  ignore line: [InstalledDir: /Library/Developer/CommandLineTools/usr/bin]
  link line: [ "/Library/Developer/CommandLineTools/usr/bin/ld" -demangle -lto_library /Library/Developer/CommandLineTools/usr/lib/libLTO.dylib -dynamic -arch x86_64 -macosx_version_min 10.13.0 -o cmTC_993bf -search_paths_first -headerpad_max_install_names -v CMakeFiles/cmTC_993bf.dir/CMakeCXXCompilerABI.cpp.o -lc++ -lSystem /Library/Developer/CommandLineTools/usr/lib/clang/10.0.0/lib/darwin/libclang_rt.osx.a]
    arg [/Library/Developer/CommandLineTools/usr/bin/ld] ==> ignore
    arg [-demangle] ==> ignore
    arg [-lto_library] ==> ignore, skip following value
    arg [/Library/Developer/CommandLineTools/usr/lib/libLTO.dylib] ==> skip value of -lto_library
    arg [-dynamic] ==> ignore
    arg [-arch] ==> ignore
    arg [x86_64] ==> ignore
    arg [-macosx_version_min] ==> ignore
    arg [10.13.0] ==> ignore
    arg [-o] ==> ignore
    arg [cmTC_993bf] ==> ignore
    arg [-search_paths_first] ==> ignore
    arg [-headerpad_max_install_names] ==> ignore
    arg [-v] ==> ignore
    arg [CMakeFiles/cmTC_993bf.dir/CMakeCXXCompilerABI.cpp.o] ==> ignore
    arg [-lc++] ==> lib [c++]
    arg [-lSystem] ==> lib [System]
    arg [/Library/Developer/CommandLineTools/usr/lib/clang/10.0.0/lib/darwin/libclang_rt.osx.a] ==> lib [/Library/Developer/CommandLineTools/usr/lib/clang/10.0.0/lib/darwin/libclang_rt.osx.a]
  Library search paths: [;/usr/lib;/usr/local/lib]
  Framework search paths: [;/Library/Frameworks/;/System/Library/Frameworks/]
  remove lib [System]
  remove lib [/Library/Developer/CommandLineTools/usr/lib/clang/10.0.0/lib/darwin/libclang_rt.osx.a]
  collapse library dir [/usr/lib] ==> [/usr/lib]
  collapse library dir [/usr/local/lib] ==> [/usr/local/lib]
  collapse framework dir [/Library/Frameworks/] ==> [/Library/Frameworks]
  collapse framework dir [/System/Library/Frameworks/] ==> [/System/Library/Frameworks]
  implicit libs: [c++]
  implicit dirs: [/usr/lib;/usr/local/lib]
  implicit fwks: [/Library/Frameworks;/System/Library/Frameworks]




Detecting CXX [-std=c++1z] compiler features compiled with the following output:
Change Dir: /Users/darkhead/CLionProjects/recastnavigation/DetourCrowd/CMakeFiles/CMakeTmp

Run Build Command(s):/usr/bin/make cmTC_473dd/fast 
/Library/Developer/CommandLineTools/usr/bin/make -f CMakeFiles/cmTC_473dd.dir/build.make CMakeFiles/cmTC_473dd.dir/build
Building CXX object CMakeFiles/cmTC_473dd.dir/feature_tests.cxx.o
/Library/Developer/CommandLineTools/usr/bin/c++    -std=c++1z -o CMakeFiles/cmTC_473dd.dir/feature_tests.cxx.o -c /Users/darkhead/CLionProjects/recastnavigation/DetourCrowd/CMakeFiles/feature_tests.cxx
Linking CXX executable cmTC_473dd
/Applications/CMake.app/Contents/bin/cmake -E cmake_link_script CMakeFiles/cmTC_473dd.dir/link.txt --verbose=1
/Library/Developer/CommandLineTools/usr/bin/c++    -Wl,-search_paths_first -Wl,-headerpad_max_install_names   CMakeFiles/cmTC_473dd.dir/feature_tests.cxx.o  -o cmTC_473dd 


    Feature record: CXX_FEATURE:1cxx_aggregate_default_initializers
    Feature record: CXX_FEATURE:1cxx_alias_templates
    Feature record: CXX_FEATURE:1cxx_alignas
    Feature record: CXX_FEATURE:1cxx_alignof
    Feature record: CXX_FEATURE:1cxx_attributes
    Feature record: CXX_FEATURE:1cxx_attribute_deprecated
    Feature record: CXX_FEATURE:1cxx_auto_type
    Feature record: CXX_FEATURE:1cxx_binary_literals
    Feature record: CXX_FEATURE:1cxx_constexpr
    Feature record: CXX_FEATURE:1cxx_contextual_conversions
    Feature record: CXX_FEATURE:1cxx_decltype
    Feature record: CXX_FEATURE:1cxx_decltype_auto
    Feature record: CXX_FEATURE:1cxx_decltype_incomplete_return_types
    Feature record: CXX_FEATURE:1cxx_default_function_template_args
    Feature record: CXX_FEATURE:1cxx_defaulted_functions
    Feature record: CXX_FEATURE:1cxx_defaulted_move_initializers
    Feature record: CXX_FEATURE:1cxx_delegating_constructors
    Feature record: CXX_FEATURE:1cxx_deleted_functions
    Feature record: CXX_FEATURE:1cxx_digit_separators
    Feature record: CXX_FEATURE:1cxx_enum_forward_declarations
    Feature record: CXX_FEATURE:1cxx_explicit_conversions
    Feature record: CXX_FEATURE:1cxx_extended_friend_declarations
    Feature record: CXX_FEATURE:1cxx_extern_templates
    Feature record: CXX_FEATURE:1cxx_final
    Feature record: CXX_FEATURE:1cxx_func_identifier
    Feature record: CXX_FEATURE:1cxx_generalized_initializers
    Feature record: CXX_FEATURE:1cxx_generic_lambdas
    Feature record: CXX_FEATURE:1cxx_inheriting_constructors
    Feature record: CXX_FEATURE:1cxx_inline_namespaces
    Feature record: CXX_FEATURE:1cxx_lambdas
    Feature record: CXX_FEATURE:1cxx_lambda_init_captures
    Feature record: CXX_FEATURE:1cxx_local_type_template_args
    Feature record: CXX_FEATURE:1cxx_long_long_type
    Feature record: CXX_FEATURE:1cxx_noexcept
    Feature record: CXX_FEATURE:1cxx_nonstatic_member_init
    Feature record: CXX_FEATURE:1cxx_nullptr
    Feature record: CXX_FEATURE:1cxx_override
    Feature record: CXX_FEATURE:1cxx_range_for
    Feature record: CXX_FEATURE:1cxx_raw_string_literals
    Feature record: CXX_FEATURE:1cxx_reference_qualified_functions
    Feature record: CXX_FEATURE:1cxx_relaxed_constexpr
    Feature record: CXX_FEATURE:1cxx_return_type_deduction
    Feature record: CXX_FEATURE:1cxx_right_angle_brackets
    Feature record: CXX_FEATURE:1cxx_rvalue_references
    Feature record: CXX_FEATURE:1cxx_sizeof_member
    Feature record: CXX_FEATURE:1cxx_static_assert
    Feature record: CXX_FEATURE:1cxx_strong_enums
    Feature record: CXX_FEATURE:1cxx_template_template_parameters
    Feature record: CXX_FEATURE:1cxx_thread_local
    Feature record: CXX_FEATURE:1cxx_trailing_return_types
    Feature record: CXX_FEATURE:1cxx_unicode_literals
    Feature record: CXX_FEATURE:1cxx_uniform_initialization
    Feature record: CXX_FEATURE:1cxx_unrestricted_unions
    Feature record: CXX_FEATURE:1cxx_user_literals
    Feature record: CXX_FEATURE:1cxx_variable_templates
    Feature record: CXX_FEATURE:1cxx_variadic_macros
    Feature record: CXX_FEATURE:1cxx_variadic_templates


Detecting CXX [-std=c++14] compiler features compiled with the following output:
Change Dir: /Users/darkhead/CLionProjects/recastnavigation/DetourCrowd/CMakeFiles/CMakeTmp

Run Build Command(s):/usr/bin/make cmTC_dc2e3/fast 
/Library/Developer/CommandLineTools/usr/bin/make -f CMakeFiles/cmTC_dc2e3.dir/build.make CMakeFiles/cmTC_dc2e3.dir/build
Building CXX object CMakeFiles/cmTC_dc2e3.dir/feature_tests.cxx.o
/Library/Developer/CommandLineTools/usr/bin/c++    -std=c++14 -o CMakeFiles/cmTC_dc2e3.dir/feature_tests.cxx.o -c /Users/darkhead/CLionProjects/recastnavigation/DetourCrowd/CMakeFiles/feature_tests.cxx
Linking CXX executable cmTC_dc2e3
/Applications/CMake.app/Contents/bin/cmake -E cmake_link_script CMakeFiles/cmTC_dc2e3.dir/link.txt --verbose=1
/Library/Developer/CommandLineTools/usr/bin/c++    -Wl,-search_paths_first -Wl,-headerpad_max_install_names   CMakeFiles/cmTC_dc2e3.dir/feature_tests.cxx.o  -o cmTC_dc2e3 


    Feature record: CXX_FEATURE:1cxx_aggregate_default_initializers
    Feature record: CXX_FEATURE:1cxx_alias_templates
    Feature record: CXX_FEATURE:1cxx_alignas
    Feature record: CXX_FEATURE:1cxx_alignof
    Feature record: CXX_FEATURE:1cxx_attributes
    Feature record: CXX_FEATURE:1cxx_attribute_deprecated
    Feature record: CXX_FEATURE:1cxx_auto_type
    Feature record: CXX_FEATURE:1cxx_binary_literals
    Feature record: CXX_FEATURE:1cxx_constexpr
    Feature record: CXX_FEATURE:1cxx_contextual_conversions
    Feature record: CXX_FEATURE:1cxx_decltype
    Feature record: CXX_FEATURE:1cxx_decltype_auto
    Feature record: CXX_FEATURE:1cxx_decltype_incomplete_return_types
    Feature record: CXX_FEATURE:1cxx_default_function_template_args
    Feature record: CXX_FEATURE:1cxx_defaulted_functions
    Feature record: CXX_FEATURE:1cxx_defaulted_move_initializers
    Feature record: CXX_FEATURE:1cxx_delegating_constructors
    Feature record: CXX_FEATURE:1cxx_deleted_functions
    Feature record: CXX_FEATURE:1cxx_digit_separators
    Feature record: CXX_FEATURE:1cxx_enum_forward_declarations
    Feature record: CXX_FEATURE:1cxx_explicit_conversions
    Feature record: CXX_FEATURE:1cxx_extended_friend_declarations
    Feature record: CXX_FEATURE:1cxx_extern_templates
    Feature record: CXX_FEATURE:1cxx_final
    Feature record: CXX_FEATURE:1cxx_func_identifier
    Feature record: CXX_FEATURE:1cxx_generalized_initializers
    Feature record: CXX_FEATURE:1cxx_generic_lambdas
    Feature record: CXX_FEATURE:1cxx_inheriting_constructors
    Feature record: CXX_FEATURE:1cxx_inline_namespaces
    Feature record: CXX_FEATURE:1cxx_lambdas
    Feature record: CXX_FEATURE:1cxx_lambda_init_captures
    Feature record: CXX_FEATURE:1cxx_local_type_template_args
    Feature record: CXX_FEATURE:1cxx_long_long_type
    Feature record: CXX_FEATURE:1cxx_noexcept
    Feature record: CXX_FEATURE:1cxx_nonstatic_member_init
    Feature record: CXX_FEATURE:1cxx_nullptr
    Feature record: CXX_FEATURE:1cxx_override
    Feature record: CXX_FEATURE:1cxx_range_for
    Feature record: CXX_FEATURE:1cxx_raw_string_literals
    Feature record: CXX_FEATURE:1cxx_reference_qualified_functions
    Feature record: CXX_FEATURE:1cxx_relaxed_constexpr
    Feature record: CXX_FEATURE:1cxx_return_type_deduction
    Feature record: CXX_FEATURE:1cxx_right_angle_brackets
    Feature record: CXX_FEATURE:1cxx_rvalue_references
    Feature record: CXX_FEATURE:1cxx_sizeof_member
    Feature record: CXX_FEATURE:1cxx_static_assert
    Feature record: CXX_FEATURE:1cxx_strong_enums
    Feature record: CXX_FEATURE:1cxx_template_template_parameters
    Feature record: CXX_FEATURE:1cxx_thread_local
    Feature record: CXX_FEATURE:1cxx_trailing_return_types
    Feature record: CXX_FEATURE:1cxx_unicode_literals
    Feature record: CXX_FEATURE:1cxx_uniform_initialization
    Feature record: CXX_FEATURE:1cxx_unrestricted_unions
    Feature record: CXX_FEATURE:1cxx_user_literals
    Feature record: CXX_FEATURE:1cxx_variable_templates
    Feature record: CXX_FEATURE:1cxx_variadic_macros
    Feature record: CXX_FEATURE:1cxx_variadic_templates


Detecting CXX [-std=c++11] compiler features compiled with the following output:
Change Dir: /Users/darkhead/CLionProjects/recastnavigation/DetourCrowd/CMakeFiles/CMakeTmp

Run Build Command(s):/usr/bin/make cmTC_71ff6/fast 
/Library/Developer/CommandLineTools/usr/bin/make -f CMakeFiles/cmTC_71ff6.dir/build.make CMakeFiles/cmTC_71ff6.dir/build
Building CXX object CMakeFiles/cmTC_71ff6.dir/feature_tests.cxx.o
/Library/Developer/CommandLineTools/usr/bin/c++    -std=c++11 -o CMakeFiles/cmTC_71ff6.dir/feature_tests.cxx.o -c /Users/darkhead/CLionProjects/recastnavigation/DetourCrowd/CMakeFiles/feature_tests.cxx
Linking CXX executable cmTC_71ff6
/Applications/CMake.app/Contents/bin/cmake -E cmake_link_script CMakeFiles/cmTC_71ff6.dir/link.txt --verbose=1
/Library/Developer/CommandLineTools/usr/bin/c++    -Wl,-search_paths_first -Wl,-headerpad_max_install_names   CMakeFiles/cmTC_71ff6.dir/feature_tests.cxx.o  -o cmTC_71ff6 


    Feature record: CXX_FEATURE:0cxx_aggregate_default_initializers
    Feature record: CXX_FEATURE:1cxx_alias_templates
    Feature record: CXX_FEATURE:1cxx_alignas
    Feature record: CXX_FEATURE:1cxx_alignof
    Feature record: CXX_FEATURE:1cxx_attributes
    Feature record: CXX_FEATURE:0cxx_attribute_deprecated
    Feature record: CXX_FEATURE:1cxx_auto_type
    Feature record: CXX_FEATURE:0cxx_binary_literals
    Feature record: CXX_FEATURE:1cxx_constexpr
    Feature record: CXX_FEATURE:0cxx_contextual_conversions
    Feature record: CXX_FEATURE:1cxx_decltype
    Feature record: CXX_FEATURE:0cxx_decltype_auto
    Feature record: CXX_FEATURE:1cxx_decltype_incomplete_return_types
    Feature record: CXX_FEATURE:1cxx_default_function_template_args
    Feature record: CXX_FEATURE:1cxx_defaulted_functions
    Feature record: CXX_FEATURE:1cxx_defaulted_move_initializers
    Feature record: CXX_FEATURE:1cxx_delegating_constructors
    Feature record: CXX_FEATURE:1cxx_deleted_functions
    Feature record: CXX_FEATURE:0cxx_digit_separators
    Feature record: CXX_FEATURE:1cxx_enum_forward_declarations
    Feature record: CXX_FEATURE:1cxx_explicit_conversions
    Feature record: CXX_FEATURE:1cxx_extended_friend_declarations
    Feature record: CXX_FEATURE:1cxx_extern_templates
    Feature record: CXX_FEATURE:1cxx_final
    Feature record: CXX_FEATURE:1cxx_func_identifier
    Feature record: CXX_FEATURE:1cxx_generalized_initializers
    Feature record: CXX_FEATURE:0cxx_generic_lambdas
    Feature record: CXX_FEATURE:1cxx_inheriting_constructors
    Feature record: CXX_FEATURE:1cxx_inline_namespaces
    Feature record: CXX_FEATURE:1cxx_lambdas
    Feature record: CXX_FEATURE:0cxx_lambda_init_captures
    Feature record: CXX_FEATURE:1cxx_local_type_template_args
    Feature record: CXX_FEATURE:1cxx_long_long_type
    Feature record: CXX_FEATURE:1cxx_noexcept
    Feature record: CXX_FEATURE:1cxx_nonstatic_member_init
    Feature record: CXX_FEATURE:1cxx_nullptr
    Feature record: CXX_FEATURE:1cxx_override
    Feature record: CXX_FEATURE:1cxx_range_for
    Feature record: CXX_FEATURE:1cxx_raw_string_literals
    Feature record: CXX_FEATURE:1cxx_reference_qualified_functions
    Feature record: CXX_FEATURE:0cxx_relaxed_constexpr
    Feature record: CXX_FEATURE:0cxx_return_type_deduction
    Feature record: CXX_FEATURE:1cxx_right_angle_brackets
    Feature record: CXX_FEATURE:1cxx_rvalue_references
    Feature record: CXX_FEATURE:1cxx_sizeof_member
    Feature record: CXX_FEATURE:1cxx_static_assert
    Feature record: CXX_FEATURE:1cxx_strong_enums
    Feature record: CXX_FEATURE:1cxx_template_template_parameters
    Feature record: CXX_FEATURE:1cxx_thread_local
    Feature record: CXX_FEATURE:1cxx_trailing_return_types
    Feature record: CXX_FEATURE:1cxx_unicode_literals
    Feature record: CXX_FEATURE:1cxx_uniform_initialization
    Feature record: CXX_FEATURE:1cxx_unrestricted_unions
    Feature record: CXX_FEATURE:1cxx_user_literals
    Feature record: CXX_FEATURE:0cxx_variable_templates
    Feature record: CXX_FEATURE:1cxx_variadic_macros
    Feature record: CXX_FEATURE:1cxx_variadic_templates


Detecting CXX [-std=c++98] compiler features compiled with the following output:
Change Dir: /Users/darkhead/CLionProjects/recastnavigation/DetourCrowd/CMakeFiles/CMakeTmp

Run Build Command(s):/usr/bin/make cmTC_88e6d/fast 
/Library/Developer/CommandLineTools/usr/bin/make -f CMakeFiles/cmTC_88e6d.dir/build.make CMakeFiles/cmTC_88e6d.dir/build
Building CXX object CMakeFiles/cmTC_88e6d.dir/feature_tests.cxx.o
/Library/Developer/CommandLineTools/usr/bin/c++    -std=c++98 -o CMakeFiles/cmTC_88e6d.dir/feature_tests.cxx.o -c /Users/darkhead/CLionProjects/recastnavigation/DetourCrowd/CMakeFiles/feature_tests.cxx
Linking CXX executable cmTC_88e6d
/Applications/CMake.app/Contents/bin/cmake -E cmake_link_script CMakeFiles/cmTC_88e6d.dir/link.txt --verbose=1
/Library/Developer/CommandLineTools/usr/bin/c++    -Wl,-search_paths_first -Wl,-headerpad_max_install_names   CMakeFiles/cmTC_88e6d.dir/feature_tests.cxx.o  -o cmTC_88e6d 


    Feature record: CXX_FEATURE:0cxx_aggregate_default_initializers
    Feature record: CXX_FEATURE:0cxx_alias_templates
    Feature record: CXX_FEATURE:0cxx_alignas
    Feature record: CXX_FEATURE:0cxx_alignof
    Feature record: CXX_FEATURE:0cxx_attributes
    Feature record: CXX_FEATURE:0cxx_attribute_deprecated
    Feature record: CXX_FEATURE:0cxx_auto_type
    Feature record: CXX_FEATURE:0cxx_binary_literals
    Feature record: CXX_FEATURE:0cxx_constexpr
    Feature record: CXX_FEATURE:0cxx_contextual_conversions
    Feature record: CXX_FEATURE:0cxx_decltype
    Feature record: CXX_FEATURE:0cxx_decltype_auto
    Feature record: CXX_FEATURE:0cxx_decltype_incomplete_return_types
    Feature record: CXX_FEATURE:0cxx_default_function_template_args
    Feature record: CXX_FEATURE:0cxx_defaulted_functions
    Feature record: CXX_FEATURE:0cxx_defaulted_move_initializers
    Feature record: CXX_FEATURE:0cxx_delegating_constructors
    Feature record: CXX_FEATURE:0cxx_deleted_functions
    Feature record: CXX_FEATURE:0cxx_digit_separators
    Feature record: CXX_FEATURE:0cxx_enum_forward_declarations
    Feature record: CXX_FEATURE:0cxx_explicit_conversions
    Feature record: CXX_FEATURE:0cxx_extended_friend_declarations
    Feature record: CXX_FEATURE:0cxx_extern_templates
    Feature record: CXX_FEATURE:0cxx_final
    Feature record: CXX_FEATURE:0cxx_func_identifier
    Feature record: CXX_FEATURE:0cxx_generalized_initializers
    Feature record: CXX_FEATURE:0cxx_generic_lambdas
    Feature record: CXX_FEATURE:0cxx_inheriting_constructors
    Feature record: CXX_FEATURE:0cxx_inline_namespaces
    Feature record: CXX_FEATURE:0cxx_lambdas
    Feature record: CXX_FEATURE:0cxx_lambda_init_captures
    Feature record: CXX_FEATURE:0cxx_local_type_template_args
    Feature record: CXX_FEATURE:0cxx_long_long_type
    Feature record: CXX_FEATURE:0cxx_noexcept
    Feature record: CXX_FEATURE:0cxx_nonstatic_member_init
    Feature record: CXX_FEATURE:0cxx_nullptr
    Feature record: CXX_FEATURE:0cxx_override
    Feature record: CXX_FEATURE:0cxx_range_for
    Feature record: CXX_FEATURE:0cxx_raw_string_literals
    Feature record: CXX_FEATURE:0cxx_reference_qualified_functions
    Feature record: CXX_FEATURE:0cxx_relaxed_constexpr
    Feature record: CXX_FEATURE:0cxx_return_type_deduction
    Feature record: CXX_FEATURE:0cxx_right_angle_brackets
    Feature record: CXX_FEATURE:0cxx_rvalue_references
    Feature record: CXX_FEATURE:0cxx_sizeof_member
    Feature record: CXX_FEATURE:0cxx_static_assert
    Feature record: CXX_FEATURE:0cxx_strong_enums
    Feature record: CXX_FEATURE:1cxx_template_template_parameters
    Feature record: CXX_FEATURE:0cxx_thread_local
    Feature record: CXX_FEATURE:0cxx_trailing_return_types
    Feature record: CXX_FEATURE:0cxx_unicode_literals
    Feature record: CXX_FEATURE:0cxx_uniform_initialization
    Feature record: CXX_FEATURE:0cxx_unrestricted_unions
    Feature record: CXX_FEATURE:0cxx_user_literals
    Feature record: CXX_FEATURE:0cxx_variable_templates
    Feature record: CXX_FEATURE:0cxx_variadic_macros
    Feature record: CXX_FEATURE:0cxx_variadic_templates
